2019-11-23 10:19:26.221  INFO 3028 --- [com.example.demo.ECommerceApplication.main()] com.example.demo.ECommerceApplication    : Starting ECommerceApplication on DESKTOP-OA4IAGH with PID 3028 (started by Nafeez Quraishi in C:\Users\Nafeez Quraishi\IdeaProjects\JDND-master\JDND-master\projects\P04-eCommerce Application\starter_code)
2019-11-23 10:19:26.256  INFO 3028 --- [com.example.demo.ECommerceApplication.main()] com.example.demo.ECommerceApplication    : No active profile set, falling back to default profiles: default
2019-11-23 10:19:27.683  INFO 3028 --- [com.example.demo.ECommerceApplication.main()] .s.d.r.c.RepositoryConfigurationDelegate : Bootstrapping Spring Data repositories in DEFAULT mode.
2019-11-23 10:19:27.850  INFO 3028 --- [com.example.demo.ECommerceApplication.main()] .s.d.r.c.RepositoryConfigurationDelegate : Finished Spring Data repository scanning in 132ms. Found 4 repository interfaces.
2019-11-23 10:19:28.730  INFO 3028 --- [com.example.demo.ECommerceApplication.main()] trationDelegate$BeanPostProcessorChecker : Bean 'org.springframework.transaction.annotation.ProxyTransactionManagementConfiguration' of type [org.springframework.transaction.annotation.ProxyTransactionManagementConfiguration$$EnhancerBySpringCGLIB$$ccb5b1a3] is not eligible for getting processed by all BeanPostProcessors (for example: not eligible for auto-proxying)
2019-11-23 10:19:28.803  INFO 3028 --- [com.example.demo.ECommerceApplication.main()] trationDelegate$BeanPostProcessorChecker : Bean 'org.springframework.security.config.annotation.configuration.ObjectPostProcessorConfiguration' of type [org.springframework.security.config.annotation.configuration.ObjectPostProcessorConfiguration$$EnhancerBySpringCGLIB$$656379dd] is not eligible for getting processed by all BeanPostProcessors (for example: not eligible for auto-proxying)
2019-11-23 10:19:28.814  INFO 3028 --- [com.example.demo.ECommerceApplication.main()] trationDelegate$BeanPostProcessorChecker : Bean 'objectPostProcessor' of type [org.springframework.security.config.annotation.configuration.AutowireBeanFactoryObjectPostProcessor] is not eligible for getting processed by all BeanPostProcessors (for example: not eligible for auto-proxying)
2019-11-23 10:19:28.818  INFO 3028 --- [com.example.demo.ECommerceApplication.main()] trationDelegate$BeanPostProcessorChecker : Bean 'org.springframework.security.access.expression.method.DefaultMethodSecurityExpressionHandler@96cf63f' of type [org.springframework.security.access.expression.method.DefaultMethodSecurityExpressionHandler] is not eligible for getting processed by all BeanPostProcessors (for example: not eligible for auto-proxying)
2019-11-23 10:19:28.822  INFO 3028 --- [com.example.demo.ECommerceApplication.main()] trationDelegate$BeanPostProcessorChecker : Bean 'org.springframework.security.config.annotation.method.configuration.GlobalMethodSecurityConfiguration' of type [org.springframework.security.config.annotation.method.configuration.GlobalMethodSecurityConfiguration$$EnhancerBySpringCGLIB$$8a381c8f] is not eligible for getting processed by all BeanPostProcessors (for example: not eligible for auto-proxying)
2019-11-23 10:19:28.836  INFO 3028 --- [com.example.demo.ECommerceApplication.main()] trationDelegate$BeanPostProcessorChecker : Bean 'methodSecurityMetadataSource' of type [org.springframework.security.access.method.DelegatingMethodSecurityMetadataSource] is not eligible for getting processed by all BeanPostProcessors (for example: not eligible for auto-proxying)
2019-11-23 10:19:29.284  INFO 3028 --- [com.example.demo.ECommerceApplication.main()] o.s.b.w.embedded.tomcat.TomcatWebServer  : Tomcat initialized with port(s): 8080 (http)
2019-11-23 10:19:29.333  INFO 3028 --- [com.example.demo.ECommerceApplication.main()] o.apache.catalina.core.StandardService   : Starting service [Tomcat]
2019-11-23 10:19:29.334  INFO 3028 --- [com.example.demo.ECommerceApplication.main()] org.apache.catalina.core.StandardEngine  : Starting Servlet engine: [Apache Tomcat/9.0.19]
2019-11-23 10:19:29.701  INFO 3028 --- [com.example.demo.ECommerceApplication.main()] o.a.c.c.C.[Tomcat].[localhost].[/]       : Initializing Spring embedded WebApplicationContext
2019-11-23 10:19:29.703  INFO 3028 --- [com.example.demo.ECommerceApplication.main()] o.s.web.context.ContextLoader            : Root WebApplicationContext: initialization completed in 3324 ms
2019-11-23 10:19:29.975  INFO 3028 --- [com.example.demo.ECommerceApplication.main()] com.zaxxer.hikari.HikariDataSource       : HikariPool-1 - Starting...
2019-11-23 10:19:30.241  INFO 3028 --- [com.example.demo.ECommerceApplication.main()] com.zaxxer.hikari.HikariDataSource       : HikariPool-1 - Start completed.
2019-11-23 10:19:30.340  INFO 3028 --- [com.example.demo.ECommerceApplication.main()] o.hibernate.jpa.internal.util.LogHelper  : HHH000204: Processing PersistenceUnitInfo [
	name: default
	...]
2019-11-23 10:19:30.469  INFO 3028 --- [com.example.demo.ECommerceApplication.main()] org.hibernate.Version                    : HHH000412: Hibernate Core {5.3.10.Final}
2019-11-23 10:19:30.471  INFO 3028 --- [com.example.demo.ECommerceApplication.main()] org.hibernate.cfg.Environment            : HHH000206: hibernate.properties not found
2019-11-23 10:19:31.081  INFO 3028 --- [com.example.demo.ECommerceApplication.main()] o.hibernate.annotations.common.Version   : HCANN000001: Hibernate Commons Annotations {5.0.4.Final}
2019-11-23 10:19:31.293  INFO 3028 --- [com.example.demo.ECommerceApplication.main()] org.hibernate.dialect.Dialect            : HHH000400: Using dialect: org.hibernate.dialect.H2Dialect
2019-11-23 10:19:32.292  INFO 3028 --- [com.example.demo.ECommerceApplication.main()] j.LocalContainerEntityManagerFactoryBean : Initialized JPA EntityManagerFactory for persistence unit 'default'
2019-11-23 10:19:33.574  INFO 3028 --- [com.example.demo.ECommerceApplication.main()] o.s.s.web.DefaultSecurityFilterChain     : Creating filter chain: any request, [org.springframework.security.web.context.request.async.WebAsyncManagerIntegrationFilter@1ed25706, org.springframework.security.web.context.SecurityContextPersistenceFilter@70a4cdfa, org.springframework.security.web.header.HeaderWriterFilter@3784ae70, org.springframework.security.web.authentication.logout.LogoutFilter@28a52905, com.example.demo.security.JWTAuthenticationFilter@70d46dd1, com.example.demo.security.JWTAuthorizationFilter@4dfc0136, org.springframework.security.web.savedrequest.RequestCacheAwareFilter@1c51a2df, org.springframework.security.web.servletapi.SecurityContextHolderAwareRequestFilter@2212859c, org.springframework.security.web.authentication.AnonymousAuthenticationFilter@4fd09a62, org.springframework.security.web.session.SessionManagementFilter@badfc40, org.springframework.security.web.access.ExceptionTranslationFilter@488732b2, org.springframework.security.web.access.intercept.FilterSecurityInterceptor@733bbfbc]
2019-11-23 10:19:34.071  INFO 3028 --- [com.example.demo.ECommerceApplication.main()] o.s.s.concurrent.ThreadPoolTaskExecutor  : Initializing ExecutorService 'applicationTaskExecutor'
2019-11-23 10:19:34.220  WARN 3028 --- [com.example.demo.ECommerceApplication.main()] aWebConfiguration$JpaWebMvcConfiguration : spring.jpa.open-in-view is enabled by default. Therefore, database queries may be performed during view rendering. Explicitly configure spring.jpa.open-in-view to disable this warning
2019-11-23 10:19:34.530 ERROR 3028 --- [com.example.demo.ECommerceApplication.main()] org.apache.catalina.util.LifecycleBase   : Failed to start component [Connector[HTTP/1.1-8080]]

org.apache.catalina.LifecycleException: Protocol handler start failed
	at org.apache.catalina.connector.Connector.startInternal(Connector.java:1008) ~[tomcat-embed-core-9.0.19.jar:9.0.19]
	at org.apache.catalina.util.LifecycleBase.start(LifecycleBase.java:183) ~[tomcat-embed-core-9.0.19.jar:9.0.19]
	at org.apache.catalina.core.StandardService.addConnector(StandardService.java:226) [tomcat-embed-core-9.0.19.jar:9.0.19]
	at org.springframework.boot.web.embedded.tomcat.TomcatWebServer.addPreviouslyRemovedConnectors(TomcatWebServer.java:259) [spring-boot-2.1.5.RELEASE.jar:2.1.5.RELEASE]
	at org.springframework.boot.web.embedded.tomcat.TomcatWebServer.start(TomcatWebServer.java:197) [spring-boot-2.1.5.RELEASE.jar:2.1.5.RELEASE]
	at org.springframework.boot.web.servlet.context.ServletWebServerApplicationContext.startWebServer(ServletWebServerApplicationContext.java:311) [spring-boot-2.1.5.RELEASE.jar:2.1.5.RELEASE]
	at org.springframework.boot.web.servlet.context.ServletWebServerApplicationContext.finishRefresh(ServletWebServerApplicationContext.java:164) [spring-boot-2.1.5.RELEASE.jar:2.1.5.RELEASE]
	at org.springframework.context.support.AbstractApplicationContext.refresh(AbstractApplicationContext.java:552) [spring-context-5.1.7.RELEASE.jar:5.1.7.RELEASE]
	at org.springframework.boot.web.servlet.context.ServletWebServerApplicationContext.refresh(ServletWebServerApplicationContext.java:142) [spring-boot-2.1.5.RELEASE.jar:2.1.5.RELEASE]
	at org.springframework.boot.SpringApplication.refresh(SpringApplication.java:775) [spring-boot-2.1.5.RELEASE.jar:2.1.5.RELEASE]
	at org.springframework.boot.SpringApplication.refreshContext(SpringApplication.java:397) [spring-boot-2.1.5.RELEASE.jar:2.1.5.RELEASE]
	at org.springframework.boot.SpringApplication.run(SpringApplication.java:316) [spring-boot-2.1.5.RELEASE.jar:2.1.5.RELEASE]
	at org.springframework.boot.SpringApplication.run(SpringApplication.java:1260) [spring-boot-2.1.5.RELEASE.jar:2.1.5.RELEASE]
	at org.springframework.boot.SpringApplication.run(SpringApplication.java:1248) [spring-boot-2.1.5.RELEASE.jar:2.1.5.RELEASE]
	at com.example.demo.ECommerceApplication.main(ECommerceApplication.java:17) [classes/:na]
	at sun.reflect.NativeMethodAccessorImpl.invoke0(Native Method) ~[na:1.8.0_144]
	at sun.reflect.NativeMethodAccessorImpl.invoke(NativeMethodAccessorImpl.java:62) ~[na:1.8.0_144]
	at sun.reflect.DelegatingMethodAccessorImpl.invoke(DelegatingMethodAccessorImpl.java:43) ~[na:1.8.0_144]
	at java.lang.reflect.Method.invoke(Method.java:498) ~[na:1.8.0_144]
	at org.springframework.boot.maven.AbstractRunMojo$LaunchRunner.run(AbstractRunMojo.java:558) [spring-boot-maven-plugin-2.1.5.RELEASE.jar:2.1.5.RELEASE]
	at java.lang.Thread.run(Thread.java:748) [na:1.8.0_144]
Caused by: java.net.BindException: Address already in use: bind
	at sun.nio.ch.Net.bind0(Native Method) ~[na:1.8.0_144]
	at sun.nio.ch.Net.bind(Net.java:433) ~[na:1.8.0_144]
	at sun.nio.ch.Net.bind(Net.java:425) ~[na:1.8.0_144]
	at sun.nio.ch.ServerSocketChannelImpl.bind(ServerSocketChannelImpl.java:223) ~[na:1.8.0_144]
	at sun.nio.ch.ServerSocketAdaptor.bind(ServerSocketAdaptor.java:74) ~[na:1.8.0_144]
	at org.apache.tomcat.util.net.NioEndpoint.initServerSocket(NioEndpoint.java:239) ~[tomcat-embed-core-9.0.19.jar:9.0.19]
	at org.apache.tomcat.util.net.NioEndpoint.bind(NioEndpoint.java:213) ~[tomcat-embed-core-9.0.19.jar:9.0.19]
	at org.apache.tomcat.util.net.AbstractEndpoint.bindWithCleanup(AbstractEndpoint.java:1116) ~[tomcat-embed-core-9.0.19.jar:9.0.19]
	at org.apache.tomcat.util.net.AbstractEndpoint.start(AbstractEndpoint.java:1202) ~[tomcat-embed-core-9.0.19.jar:9.0.19]
	at org.apache.coyote.AbstractProtocol.start(AbstractProtocol.java:568) ~[tomcat-embed-core-9.0.19.jar:9.0.19]
	at org.apache.catalina.connector.Connector.startInternal(Connector.java:1005) ~[tomcat-embed-core-9.0.19.jar:9.0.19]
	... 20 common frames omitted

2019-11-23 10:19:34.548  INFO 3028 --- [com.example.demo.ECommerceApplication.main()] o.apache.catalina.core.StandardService   : Stopping service [Tomcat]
2019-11-23 10:19:34.566  INFO 3028 --- [com.example.demo.ECommerceApplication.main()] ConditionEvaluationReportLoggingListener : 

Error starting ApplicationContext. To display the conditions report re-run your application with 'debug' enabled.
2019-11-23 10:19:34.576 ERROR 3028 --- [com.example.demo.ECommerceApplication.main()] o.s.b.d.LoggingFailureAnalysisReporter   : 

***************************
APPLICATION FAILED TO START
***************************

Description:

The Tomcat connector configured to listen on port 8080 failed to start. The port may already be in use or the connector may be misconfigured.

Action:

Verify the connector's configuration, identify and stop any process that's listening on port 8080, or configure this application to listen on another port.

2019-11-23 10:19:34.607  INFO 3028 --- [com.example.demo.ECommerceApplication.main()] o.s.s.concurrent.ThreadPoolTaskExecutor  : Shutting down ExecutorService 'applicationTaskExecutor'
2019-11-23 10:19:34.615  INFO 3028 --- [com.example.demo.ECommerceApplication.main()] j.LocalContainerEntityManagerFactoryBean : Closing JPA EntityManagerFactory for persistence unit 'default'
2019-11-23 10:19:34.629  INFO 3028 --- [com.example.demo.ECommerceApplication.main()] com.zaxxer.hikari.HikariDataSource       : HikariPool-1 - Shutdown initiated...
2019-11-23 10:19:34.642  INFO 3028 --- [com.example.demo.ECommerceApplication.main()] com.zaxxer.hikari.HikariDataSource       : HikariPool-1 - Shutdown completed.
2019-11-23 10:29:37.769  INFO 13544 --- [com.example.demo.ECommerceApplication.main()] com.example.demo.ECommerceApplication    : Starting ECommerceApplication on DESKTOP-OA4IAGH with PID 13544 (started by Nafeez Quraishi in C:\Users\Nafeez Quraishi\IdeaProjects\JDND-master\JDND-master\projects\P04-eCommerce Application\starter_code)
2019-11-23 10:29:37.776  INFO 13544 --- [com.example.demo.ECommerceApplication.main()] com.example.demo.ECommerceApplication    : No active profile set, falling back to default profiles: default
2019-11-23 10:29:38.837  INFO 13544 --- [com.example.demo.ECommerceApplication.main()] .s.d.r.c.RepositoryConfigurationDelegate : Bootstrapping Spring Data repositories in DEFAULT mode.
2019-11-23 10:29:38.929  INFO 13544 --- [com.example.demo.ECommerceApplication.main()] .s.d.r.c.RepositoryConfigurationDelegate : Finished Spring Data repository scanning in 80ms. Found 4 repository interfaces.
2019-11-23 10:29:39.806  INFO 13544 --- [com.example.demo.ECommerceApplication.main()] trationDelegate$BeanPostProcessorChecker : Bean 'org.springframework.transaction.annotation.ProxyTransactionManagementConfiguration' of type [org.springframework.transaction.annotation.ProxyTransactionManagementConfiguration$$EnhancerBySpringCGLIB$$6b1a6ec0] is not eligible for getting processed by all BeanPostProcessors (for example: not eligible for auto-proxying)
2019-11-23 10:29:39.935  INFO 13544 --- [com.example.demo.ECommerceApplication.main()] trationDelegate$BeanPostProcessorChecker : Bean 'org.springframework.security.config.annotation.configuration.ObjectPostProcessorConfiguration' of type [org.springframework.security.config.annotation.configuration.ObjectPostProcessorConfiguration$$EnhancerBySpringCGLIB$$3c836fa] is not eligible for getting processed by all BeanPostProcessors (for example: not eligible for auto-proxying)
2019-11-23 10:29:40.020  INFO 13544 --- [com.example.demo.ECommerceApplication.main()] trationDelegate$BeanPostProcessorChecker : Bean 'objectPostProcessor' of type [org.springframework.security.config.annotation.configuration.AutowireBeanFactoryObjectPostProcessor] is not eligible for getting processed by all BeanPostProcessors (for example: not eligible for auto-proxying)
2019-11-23 10:29:40.026  INFO 13544 --- [com.example.demo.ECommerceApplication.main()] trationDelegate$BeanPostProcessorChecker : Bean 'org.springframework.security.access.expression.method.DefaultMethodSecurityExpressionHandler@68cdcfcc' of type [org.springframework.security.access.expression.method.DefaultMethodSecurityExpressionHandler] is not eligible for getting processed by all BeanPostProcessors (for example: not eligible for auto-proxying)
2019-11-23 10:29:40.041  INFO 13544 --- [com.example.demo.ECommerceApplication.main()] trationDelegate$BeanPostProcessorChecker : Bean 'org.springframework.security.config.annotation.method.configuration.GlobalMethodSecurityConfiguration' of type [org.springframework.security.config.annotation.method.configuration.GlobalMethodSecurityConfiguration$$EnhancerBySpringCGLIB$$289cd9ac] is not eligible for getting processed by all BeanPostProcessors (for example: not eligible for auto-proxying)
2019-11-23 10:29:40.077  INFO 13544 --- [com.example.demo.ECommerceApplication.main()] trationDelegate$BeanPostProcessorChecker : Bean 'methodSecurityMetadataSource' of type [org.springframework.security.access.method.DelegatingMethodSecurityMetadataSource] is not eligible for getting processed by all BeanPostProcessors (for example: not eligible for auto-proxying)
2019-11-23 10:29:40.936  INFO 13544 --- [com.example.demo.ECommerceApplication.main()] o.s.b.w.embedded.tomcat.TomcatWebServer  : Tomcat initialized with port(s): 8080 (http)
2019-11-23 10:29:40.981  INFO 13544 --- [com.example.demo.ECommerceApplication.main()] o.apache.catalina.core.StandardService   : Starting service [Tomcat]
2019-11-23 10:29:40.983  INFO 13544 --- [com.example.demo.ECommerceApplication.main()] org.apache.catalina.core.StandardEngine  : Starting Servlet engine: [Apache Tomcat/9.0.19]
2019-11-23 10:29:41.124  INFO 13544 --- [com.example.demo.ECommerceApplication.main()] o.a.c.c.C.[Tomcat].[localhost].[/]       : Initializing Spring embedded WebApplicationContext
2019-11-23 10:29:41.126  INFO 13544 --- [com.example.demo.ECommerceApplication.main()] o.s.web.context.ContextLoader            : Root WebApplicationContext: initialization completed in 3245 ms
2019-11-23 10:29:41.414  INFO 13544 --- [com.example.demo.ECommerceApplication.main()] com.zaxxer.hikari.HikariDataSource       : HikariPool-1 - Starting...
2019-11-23 10:29:41.616  INFO 13544 --- [com.example.demo.ECommerceApplication.main()] com.zaxxer.hikari.HikariDataSource       : HikariPool-1 - Start completed.
2019-11-23 10:29:41.703  INFO 13544 --- [com.example.demo.ECommerceApplication.main()] o.hibernate.jpa.internal.util.LogHelper  : HHH000204: Processing PersistenceUnitInfo [
	name: default
	...]
2019-11-23 10:29:41.796  INFO 13544 --- [com.example.demo.ECommerceApplication.main()] org.hibernate.Version                    : HHH000412: Hibernate Core {5.3.10.Final}
2019-11-23 10:29:41.798  INFO 13544 --- [com.example.demo.ECommerceApplication.main()] org.hibernate.cfg.Environment            : HHH000206: hibernate.properties not found
2019-11-23 10:29:42.033  INFO 13544 --- [com.example.demo.ECommerceApplication.main()] o.hibernate.annotations.common.Version   : HCANN000001: Hibernate Commons Annotations {5.0.4.Final}
2019-11-23 10:29:42.240  INFO 13544 --- [com.example.demo.ECommerceApplication.main()] org.hibernate.dialect.Dialect            : HHH000400: Using dialect: org.hibernate.dialect.H2Dialect
2019-11-23 10:29:43.424  INFO 13544 --- [com.example.demo.ECommerceApplication.main()] j.LocalContainerEntityManagerFactoryBean : Initialized JPA EntityManagerFactory for persistence unit 'default'
2019-11-23 10:29:44.401  INFO 13544 --- [com.example.demo.ECommerceApplication.main()] o.s.s.web.DefaultSecurityFilterChain     : Creating filter chain: any request, [org.springframework.security.web.context.request.async.WebAsyncManagerIntegrationFilter@36f287ab, org.springframework.security.web.context.SecurityContextPersistenceFilter@6c5a9361, org.springframework.security.web.header.HeaderWriterFilter@408f4e85, org.springframework.security.web.authentication.logout.LogoutFilter@7dfa3873, com.example.demo.security.JWTAuthenticationFilter@7f18efce, com.example.demo.security.JWTAuthorizationFilter@1e937729, org.springframework.security.web.savedrequest.RequestCacheAwareFilter@52a304f6, org.springframework.security.web.servletapi.SecurityContextHolderAwareRequestFilter@64b3aed0, org.springframework.security.web.authentication.AnonymousAuthenticationFilter@22bd8cdc, org.springframework.security.web.session.SessionManagementFilter@35a009ce, org.springframework.security.web.access.ExceptionTranslationFilter@6a24d4c3, org.springframework.security.web.access.intercept.FilterSecurityInterceptor@73b50d4f]
2019-11-23 10:29:44.663  INFO 13544 --- [com.example.demo.ECommerceApplication.main()] o.s.s.concurrent.ThreadPoolTaskExecutor  : Initializing ExecutorService 'applicationTaskExecutor'
2019-11-23 10:29:44.748  WARN 13544 --- [com.example.demo.ECommerceApplication.main()] aWebConfiguration$JpaWebMvcConfiguration : spring.jpa.open-in-view is enabled by default. Therefore, database queries may be performed during view rendering. Explicitly configure spring.jpa.open-in-view to disable this warning
2019-11-23 10:29:45.019 ERROR 13544 --- [com.example.demo.ECommerceApplication.main()] org.apache.catalina.util.LifecycleBase   : Failed to start component [Connector[HTTP/1.1-8080]]

org.apache.catalina.LifecycleException: Protocol handler start failed
	at org.apache.catalina.connector.Connector.startInternal(Connector.java:1008) ~[tomcat-embed-core-9.0.19.jar:9.0.19]
	at org.apache.catalina.util.LifecycleBase.start(LifecycleBase.java:183) ~[tomcat-embed-core-9.0.19.jar:9.0.19]
	at org.apache.catalina.core.StandardService.addConnector(StandardService.java:226) [tomcat-embed-core-9.0.19.jar:9.0.19]
	at org.springframework.boot.web.embedded.tomcat.TomcatWebServer.addPreviouslyRemovedConnectors(TomcatWebServer.java:259) [spring-boot-2.1.5.RELEASE.jar:2.1.5.RELEASE]
	at org.springframework.boot.web.embedded.tomcat.TomcatWebServer.start(TomcatWebServer.java:197) [spring-boot-2.1.5.RELEASE.jar:2.1.5.RELEASE]
	at org.springframework.boot.web.servlet.context.ServletWebServerApplicationContext.startWebServer(ServletWebServerApplicationContext.java:311) [spring-boot-2.1.5.RELEASE.jar:2.1.5.RELEASE]
	at org.springframework.boot.web.servlet.context.ServletWebServerApplicationContext.finishRefresh(ServletWebServerApplicationContext.java:164) [spring-boot-2.1.5.RELEASE.jar:2.1.5.RELEASE]
	at org.springframework.context.support.AbstractApplicationContext.refresh(AbstractApplicationContext.java:552) [spring-context-5.1.7.RELEASE.jar:5.1.7.RELEASE]
	at org.springframework.boot.web.servlet.context.ServletWebServerApplicationContext.refresh(ServletWebServerApplicationContext.java:142) [spring-boot-2.1.5.RELEASE.jar:2.1.5.RELEASE]
	at org.springframework.boot.SpringApplication.refresh(SpringApplication.java:775) [spring-boot-2.1.5.RELEASE.jar:2.1.5.RELEASE]
	at org.springframework.boot.SpringApplication.refreshContext(SpringApplication.java:397) [spring-boot-2.1.5.RELEASE.jar:2.1.5.RELEASE]
	at org.springframework.boot.SpringApplication.run(SpringApplication.java:316) [spring-boot-2.1.5.RELEASE.jar:2.1.5.RELEASE]
	at org.springframework.boot.SpringApplication.run(SpringApplication.java:1260) [spring-boot-2.1.5.RELEASE.jar:2.1.5.RELEASE]
	at org.springframework.boot.SpringApplication.run(SpringApplication.java:1248) [spring-boot-2.1.5.RELEASE.jar:2.1.5.RELEASE]
	at com.example.demo.ECommerceApplication.main(ECommerceApplication.java:17) [classes/:na]
	at sun.reflect.NativeMethodAccessorImpl.invoke0(Native Method) ~[na:1.8.0_144]
	at sun.reflect.NativeMethodAccessorImpl.invoke(NativeMethodAccessorImpl.java:62) ~[na:1.8.0_144]
	at sun.reflect.DelegatingMethodAccessorImpl.invoke(DelegatingMethodAccessorImpl.java:43) ~[na:1.8.0_144]
	at java.lang.reflect.Method.invoke(Method.java:498) ~[na:1.8.0_144]
	at org.springframework.boot.maven.AbstractRunMojo$LaunchRunner.run(AbstractRunMojo.java:558) [spring-boot-maven-plugin-2.1.5.RELEASE.jar:2.1.5.RELEASE]
	at java.lang.Thread.run(Thread.java:748) [na:1.8.0_144]
Caused by: java.net.BindException: Address already in use: bind
	at sun.nio.ch.Net.bind0(Native Method) ~[na:1.8.0_144]
	at sun.nio.ch.Net.bind(Net.java:433) ~[na:1.8.0_144]
	at sun.nio.ch.Net.bind(Net.java:425) ~[na:1.8.0_144]
	at sun.nio.ch.ServerSocketChannelImpl.bind(ServerSocketChannelImpl.java:223) ~[na:1.8.0_144]
	at sun.nio.ch.ServerSocketAdaptor.bind(ServerSocketAdaptor.java:74) ~[na:1.8.0_144]
	at org.apache.tomcat.util.net.NioEndpoint.initServerSocket(NioEndpoint.java:239) ~[tomcat-embed-core-9.0.19.jar:9.0.19]
	at org.apache.tomcat.util.net.NioEndpoint.bind(NioEndpoint.java:213) ~[tomcat-embed-core-9.0.19.jar:9.0.19]
	at org.apache.tomcat.util.net.AbstractEndpoint.bindWithCleanup(AbstractEndpoint.java:1116) ~[tomcat-embed-core-9.0.19.jar:9.0.19]
	at org.apache.tomcat.util.net.AbstractEndpoint.start(AbstractEndpoint.java:1202) ~[tomcat-embed-core-9.0.19.jar:9.0.19]
	at org.apache.coyote.AbstractProtocol.start(AbstractProtocol.java:568) ~[tomcat-embed-core-9.0.19.jar:9.0.19]
	at org.apache.catalina.connector.Connector.startInternal(Connector.java:1005) ~[tomcat-embed-core-9.0.19.jar:9.0.19]
	... 20 common frames omitted

2019-11-23 10:29:45.043  INFO 13544 --- [com.example.demo.ECommerceApplication.main()] o.apache.catalina.core.StandardService   : Stopping service [Tomcat]
2019-11-23 10:29:45.059  INFO 13544 --- [com.example.demo.ECommerceApplication.main()] ConditionEvaluationReportLoggingListener : 

Error starting ApplicationContext. To display the conditions report re-run your application with 'debug' enabled.
2019-11-23 10:29:45.064 ERROR 13544 --- [com.example.demo.ECommerceApplication.main()] o.s.b.d.LoggingFailureAnalysisReporter   : 

***************************
APPLICATION FAILED TO START
***************************

Description:

The Tomcat connector configured to listen on port 8080 failed to start. The port may already be in use or the connector may be misconfigured.

Action:

Verify the connector's configuration, identify and stop any process that's listening on port 8080, or configure this application to listen on another port.

2019-11-23 10:29:45.170  INFO 13544 --- [com.example.demo.ECommerceApplication.main()] o.s.s.concurrent.ThreadPoolTaskExecutor  : Shutting down ExecutorService 'applicationTaskExecutor'
2019-11-23 10:29:45.192  INFO 13544 --- [com.example.demo.ECommerceApplication.main()] j.LocalContainerEntityManagerFactoryBean : Closing JPA EntityManagerFactory for persistence unit 'default'
2019-11-23 10:29:45.209  INFO 13544 --- [com.example.demo.ECommerceApplication.main()] com.zaxxer.hikari.HikariDataSource       : HikariPool-1 - Shutdown initiated...
2019-11-23 10:29:45.245  INFO 13544 --- [com.example.demo.ECommerceApplication.main()] com.zaxxer.hikari.HikariDataSource       : HikariPool-1 - Shutdown completed.
2019-11-23 10:39:47.277  INFO 17144 --- [com.example.demo.ECommerceApplication.main()] com.example.demo.ECommerceApplication    : Starting ECommerceApplication on DESKTOP-OA4IAGH with PID 17144 (started by Nafeez Quraishi in C:\Users\Nafeez Quraishi\IdeaProjects\JDND-master\JDND-master\projects\P04-eCommerce Application\starter_code)
2019-11-23 10:39:47.283  INFO 17144 --- [com.example.demo.ECommerceApplication.main()] com.example.demo.ECommerceApplication    : No active profile set, falling back to default profiles: default
2019-11-23 10:39:48.428  INFO 17144 --- [com.example.demo.ECommerceApplication.main()] .s.d.r.c.RepositoryConfigurationDelegate : Bootstrapping Spring Data repositories in DEFAULT mode.
2019-11-23 10:39:48.543  INFO 17144 --- [com.example.demo.ECommerceApplication.main()] .s.d.r.c.RepositoryConfigurationDelegate : Finished Spring Data repository scanning in 98ms. Found 4 repository interfaces.
2019-11-23 10:39:49.550  INFO 17144 --- [com.example.demo.ECommerceApplication.main()] trationDelegate$BeanPostProcessorChecker : Bean 'org.springframework.transaction.annotation.ProxyTransactionManagementConfiguration' of type [org.springframework.transaction.annotation.ProxyTransactionManagementConfiguration$$EnhancerBySpringCGLIB$$5a3f25ec] is not eligible for getting processed by all BeanPostProcessors (for example: not eligible for auto-proxying)
2019-11-23 10:39:49.647  INFO 17144 --- [com.example.demo.ECommerceApplication.main()] trationDelegate$BeanPostProcessorChecker : Bean 'org.springframework.security.config.annotation.configuration.ObjectPostProcessorConfiguration' of type [org.springframework.security.config.annotation.configuration.ObjectPostProcessorConfiguration$$EnhancerBySpringCGLIB$$f2ecee26] is not eligible for getting processed by all BeanPostProcessors (for example: not eligible for auto-proxying)
2019-11-23 10:39:49.657  INFO 17144 --- [com.example.demo.ECommerceApplication.main()] trationDelegate$BeanPostProcessorChecker : Bean 'objectPostProcessor' of type [org.springframework.security.config.annotation.configuration.AutowireBeanFactoryObjectPostProcessor] is not eligible for getting processed by all BeanPostProcessors (for example: not eligible for auto-proxying)
2019-11-23 10:39:49.663  INFO 17144 --- [com.example.demo.ECommerceApplication.main()] trationDelegate$BeanPostProcessorChecker : Bean 'org.springframework.security.access.expression.method.DefaultMethodSecurityExpressionHandler@23d040d3' of type [org.springframework.security.access.expression.method.DefaultMethodSecurityExpressionHandler] is not eligible for getting processed by all BeanPostProcessors (for example: not eligible for auto-proxying)
2019-11-23 10:39:49.673  INFO 17144 --- [com.example.demo.ECommerceApplication.main()] trationDelegate$BeanPostProcessorChecker : Bean 'org.springframework.security.config.annotation.method.configuration.GlobalMethodSecurityConfiguration' of type [org.springframework.security.config.annotation.method.configuration.GlobalMethodSecurityConfiguration$$EnhancerBySpringCGLIB$$17c190d8] is not eligible for getting processed by all BeanPostProcessors (for example: not eligible for auto-proxying)
2019-11-23 10:39:49.687  INFO 17144 --- [com.example.demo.ECommerceApplication.main()] trationDelegate$BeanPostProcessorChecker : Bean 'methodSecurityMetadataSource' of type [org.springframework.security.access.method.DelegatingMethodSecurityMetadataSource] is not eligible for getting processed by all BeanPostProcessors (for example: not eligible for auto-proxying)
2019-11-23 10:39:50.556  INFO 17144 --- [com.example.demo.ECommerceApplication.main()] o.s.b.w.embedded.tomcat.TomcatWebServer  : Tomcat initialized with port(s): 9090 (http)
2019-11-23 10:39:50.609  INFO 17144 --- [com.example.demo.ECommerceApplication.main()] o.apache.catalina.core.StandardService   : Starting service [Tomcat]
2019-11-23 10:39:50.612  INFO 17144 --- [com.example.demo.ECommerceApplication.main()] org.apache.catalina.core.StandardEngine  : Starting Servlet engine: [Apache Tomcat/9.0.19]
2019-11-23 10:39:50.770  INFO 17144 --- [com.example.demo.ECommerceApplication.main()] o.a.c.c.C.[Tomcat].[localhost].[/]       : Initializing Spring embedded WebApplicationContext
2019-11-23 10:39:50.772  INFO 17144 --- [com.example.demo.ECommerceApplication.main()] o.s.web.context.ContextLoader            : Root WebApplicationContext: initialization completed in 3392 ms
2019-11-23 10:39:51.054  INFO 17144 --- [com.example.demo.ECommerceApplication.main()] com.zaxxer.hikari.HikariDataSource       : HikariPool-1 - Starting...
2019-11-23 10:39:51.251  INFO 17144 --- [com.example.demo.ECommerceApplication.main()] com.zaxxer.hikari.HikariDataSource       : HikariPool-1 - Start completed.
2019-11-23 10:39:51.347  INFO 17144 --- [com.example.demo.ECommerceApplication.main()] o.hibernate.jpa.internal.util.LogHelper  : HHH000204: Processing PersistenceUnitInfo [
	name: default
	...]
2019-11-23 10:39:51.473  INFO 17144 --- [com.example.demo.ECommerceApplication.main()] org.hibernate.Version                    : HHH000412: Hibernate Core {5.3.10.Final}
2019-11-23 10:39:51.476  INFO 17144 --- [com.example.demo.ECommerceApplication.main()] org.hibernate.cfg.Environment            : HHH000206: hibernate.properties not found
2019-11-23 10:39:51.674  INFO 17144 --- [com.example.demo.ECommerceApplication.main()] o.hibernate.annotations.common.Version   : HCANN000001: Hibernate Commons Annotations {5.0.4.Final}
2019-11-23 10:39:51.876  INFO 17144 --- [com.example.demo.ECommerceApplication.main()] org.hibernate.dialect.Dialect            : HHH000400: Using dialect: org.hibernate.dialect.H2Dialect
2019-11-23 10:39:53.090  INFO 17144 --- [com.example.demo.ECommerceApplication.main()] j.LocalContainerEntityManagerFactoryBean : Initialized JPA EntityManagerFactory for persistence unit 'default'
2019-11-23 10:39:54.217  INFO 17144 --- [com.example.demo.ECommerceApplication.main()] o.s.s.web.DefaultSecurityFilterChain     : Creating filter chain: any request, [org.springframework.security.web.context.request.async.WebAsyncManagerIntegrationFilter@86ad007, org.springframework.security.web.context.SecurityContextPersistenceFilter@608fa90b, org.springframework.security.web.header.HeaderWriterFilter@18bcf4c, org.springframework.security.web.authentication.logout.LogoutFilter@29231eed, com.example.demo.security.JWTAuthenticationFilter@63cebaaf, com.example.demo.security.JWTAuthorizationFilter@64ff978c, org.springframework.security.web.savedrequest.RequestCacheAwareFilter@4764d9cf, org.springframework.security.web.servletapi.SecurityContextHolderAwareRequestFilter@74f6744f, org.springframework.security.web.authentication.AnonymousAuthenticationFilter@48a6ac00, org.springframework.security.web.session.SessionManagementFilter@395a064f, org.springframework.security.web.access.ExceptionTranslationFilter@2431af24, org.springframework.security.web.access.intercept.FilterSecurityInterceptor@5cd390cb]
2019-11-23 10:39:54.478  INFO 17144 --- [com.example.demo.ECommerceApplication.main()] o.s.s.concurrent.ThreadPoolTaskExecutor  : Initializing ExecutorService 'applicationTaskExecutor'
2019-11-23 10:39:54.548  WARN 17144 --- [com.example.demo.ECommerceApplication.main()] aWebConfiguration$JpaWebMvcConfiguration : spring.jpa.open-in-view is enabled by default. Therefore, database queries may be performed during view rendering. Explicitly configure spring.jpa.open-in-view to disable this warning
2019-11-23 10:39:55.178  INFO 17144 --- [com.example.demo.ECommerceApplication.main()] o.s.b.w.embedded.tomcat.TomcatWebServer  : Tomcat started on port(s): 9090 (http) with context path ''
2019-11-23 10:39:55.185  INFO 17144 --- [com.example.demo.ECommerceApplication.main()] com.example.demo.ECommerceApplication    : Started ECommerceApplication in 8.429 seconds (JVM running for 12.617)
2019-11-23 10:39:55.645  INFO 17144 --- [Thread-5] o.s.s.concurrent.ThreadPoolTaskExecutor  : Shutting down ExecutorService 'applicationTaskExecutor'
2019-11-23 10:39:55.662  INFO 17144 --- [Thread-5] j.LocalContainerEntityManagerFactoryBean : Closing JPA EntityManagerFactory for persistence unit 'default'
2019-11-23 10:39:55.668  INFO 17144 --- [Thread-5] com.zaxxer.hikari.HikariDataSource       : HikariPool-1 - Shutdown initiated...
2019-11-23 10:39:55.672  INFO 17144 --- [Thread-5] com.zaxxer.hikari.HikariDataSource       : HikariPool-1 - Shutdown completed.
2019-11-23 10:54:58.700  INFO 15664 --- [main] com.example.demo.ECommerceApplication    : Starting ECommerceApplication on DESKTOP-OA4IAGH with PID 15664 (started by Nafeez Quraishi in C:\Users\Nafeez Quraishi\IdeaProjects\JDND-master\JDND-master\projects\P04-eCommerce Application\starter_code)
2019-11-23 10:54:58.704  INFO 15664 --- [main] com.example.demo.ECommerceApplication    : No active profile set, falling back to default profiles: default
2019-11-23 10:55:00.166  INFO 15664 --- [main] .s.d.r.c.RepositoryConfigurationDelegate : Bootstrapping Spring Data repositories in DEFAULT mode.
2019-11-23 10:55:00.474  INFO 15664 --- [main] .s.d.r.c.RepositoryConfigurationDelegate : Finished Spring Data repository scanning in 262ms. Found 4 repository interfaces.
2019-11-23 10:55:01.546  INFO 15664 --- [main] trationDelegate$BeanPostProcessorChecker : Bean 'org.springframework.transaction.annotation.ProxyTransactionManagementConfiguration' of type [org.springframework.transaction.annotation.ProxyTransactionManagementConfiguration$$EnhancerBySpringCGLIB$$c9a4c224] is not eligible for getting processed by all BeanPostProcessors (for example: not eligible for auto-proxying)
2019-11-23 10:55:01.602  INFO 15664 --- [main] trationDelegate$BeanPostProcessorChecker : Bean 'org.springframework.security.config.annotation.configuration.ObjectPostProcessorConfiguration' of type [org.springframework.security.config.annotation.configuration.ObjectPostProcessorConfiguration$$EnhancerBySpringCGLIB$$62528a5e] is not eligible for getting processed by all BeanPostProcessors (for example: not eligible for auto-proxying)
2019-11-23 10:55:01.612  INFO 15664 --- [main] trationDelegate$BeanPostProcessorChecker : Bean 'objectPostProcessor' of type [org.springframework.security.config.annotation.configuration.AutowireBeanFactoryObjectPostProcessor] is not eligible for getting processed by all BeanPostProcessors (for example: not eligible for auto-proxying)
2019-11-23 10:55:01.615  INFO 15664 --- [main] trationDelegate$BeanPostProcessorChecker : Bean 'org.springframework.security.access.expression.method.DefaultMethodSecurityExpressionHandler@437ebf59' of type [org.springframework.security.access.expression.method.DefaultMethodSecurityExpressionHandler] is not eligible for getting processed by all BeanPostProcessors (for example: not eligible for auto-proxying)
2019-11-23 10:55:01.618  INFO 15664 --- [main] trationDelegate$BeanPostProcessorChecker : Bean 'org.springframework.security.config.annotation.method.configuration.GlobalMethodSecurityConfiguration' of type [org.springframework.security.config.annotation.method.configuration.GlobalMethodSecurityConfiguration$$EnhancerBySpringCGLIB$$87272d10] is not eligible for getting processed by all BeanPostProcessors (for example: not eligible for auto-proxying)
2019-11-23 10:55:01.623  INFO 15664 --- [main] trationDelegate$BeanPostProcessorChecker : Bean 'methodSecurityMetadataSource' of type [org.springframework.security.access.method.DelegatingMethodSecurityMetadataSource] is not eligible for getting processed by all BeanPostProcessors (for example: not eligible for auto-proxying)
2019-11-23 10:55:02.778  INFO 15664 --- [main] o.s.b.w.embedded.tomcat.TomcatWebServer  : Tomcat initialized with port(s): 9090 (http)
2019-11-23 10:55:02.819  INFO 15664 --- [main] o.apache.catalina.core.StandardService   : Starting service [Tomcat]
2019-11-23 10:55:02.820  INFO 15664 --- [main] org.apache.catalina.core.StandardEngine  : Starting Servlet engine: [Apache Tomcat/9.0.19]
2019-11-23 10:55:02.992  INFO 15664 --- [main] o.a.c.c.C.[Tomcat].[localhost].[/]       : Initializing Spring embedded WebApplicationContext
2019-11-23 10:55:02.993  INFO 15664 --- [main] o.s.web.context.ContextLoader            : Root WebApplicationContext: initialization completed in 4098 ms
2019-11-23 10:55:03.398  INFO 15664 --- [main] com.zaxxer.hikari.HikariDataSource       : HikariPool-1 - Starting...
2019-11-23 10:55:03.604  INFO 15664 --- [main] com.zaxxer.hikari.HikariDataSource       : HikariPool-1 - Start completed.
2019-11-23 10:55:03.737  INFO 15664 --- [main] o.hibernate.jpa.internal.util.LogHelper  : HHH000204: Processing PersistenceUnitInfo [
	name: default
	...]
2019-11-23 10:55:03.949  INFO 15664 --- [main] org.hibernate.Version                    : HHH000412: Hibernate Core {5.3.10.Final}
2019-11-23 10:55:03.952  INFO 15664 --- [main] org.hibernate.cfg.Environment            : HHH000206: hibernate.properties not found
2019-11-23 10:55:04.318  INFO 15664 --- [main] o.hibernate.annotations.common.Version   : HCANN000001: Hibernate Commons Annotations {5.0.4.Final}
2019-11-23 10:55:04.514  INFO 15664 --- [main] org.hibernate.dialect.Dialect            : HHH000400: Using dialect: org.hibernate.dialect.H2Dialect
2019-11-23 10:55:05.556  INFO 15664 --- [main] j.LocalContainerEntityManagerFactoryBean : Initialized JPA EntityManagerFactory for persistence unit 'default'
2019-11-23 10:55:06.898  INFO 15664 --- [main] o.s.s.web.DefaultSecurityFilterChain     : Creating filter chain: any request, [org.springframework.security.web.context.request.async.WebAsyncManagerIntegrationFilter@28dd81ad, org.springframework.security.web.context.SecurityContextPersistenceFilter@7dd91ffc, org.springframework.security.web.header.HeaderWriterFilter@5817f1ca, org.springframework.security.web.authentication.logout.LogoutFilter@57416e49, com.example.demo.security.JWTAuthenticationFilter@300a38e7, com.example.demo.security.JWTAuthorizationFilter@5c9a4f3b, org.springframework.security.web.savedrequest.RequestCacheAwareFilter@3ad847f8, org.springframework.security.web.servletapi.SecurityContextHolderAwareRequestFilter@45e11627, org.springframework.security.web.authentication.AnonymousAuthenticationFilter@2bb0e277, org.springframework.security.web.session.SessionManagementFilter@726a8729, org.springframework.security.web.access.ExceptionTranslationFilter@4fe2dd02, org.springframework.security.web.access.intercept.FilterSecurityInterceptor@44abdb1f]
2019-11-23 10:55:07.245  INFO 15664 --- [main] o.s.s.concurrent.ThreadPoolTaskExecutor  : Initializing ExecutorService 'applicationTaskExecutor'
2019-11-23 10:55:07.348  WARN 15664 --- [main] aWebConfiguration$JpaWebMvcConfiguration : spring.jpa.open-in-view is enabled by default. Therefore, database queries may be performed during view rendering. Explicitly configure spring.jpa.open-in-view to disable this warning
2019-11-23 10:55:07.842  INFO 15664 --- [main] o.s.b.w.embedded.tomcat.TomcatWebServer  : Tomcat started on port(s): 9090 (http) with context path ''
2019-11-23 10:55:07.845  INFO 15664 --- [main] com.example.demo.ECommerceApplication    : Started ECommerceApplication in 9.97 seconds (JVM running for 11.123)
2019-11-23 10:55:37.503  INFO 12292 --- [main] com.example.demo.UserControllerTest      : Starting UserControllerTest on DESKTOP-OA4IAGH with PID 12292 (started by Nafeez Quraishi in C:\Users\Nafeez Quraishi\IdeaProjects\JDND-master\JDND-master\projects\P04-eCommerce Application\starter_code)
2019-11-23 10:55:37.505  INFO 12292 --- [main] com.example.demo.UserControllerTest      : No active profile set, falling back to default profiles: default
2019-11-23 10:55:38.909  INFO 12292 --- [main] .s.d.r.c.RepositoryConfigurationDelegate : Bootstrapping Spring Data repositories in DEFAULT mode.
2019-11-23 10:55:39.044  INFO 12292 --- [main] .s.d.r.c.RepositoryConfigurationDelegate : Finished Spring Data repository scanning in 118ms. Found 4 repository interfaces.
2019-11-23 10:55:40.177  INFO 12292 --- [main] trationDelegate$BeanPostProcessorChecker : Bean 'org.springframework.transaction.annotation.ProxyTransactionManagementConfiguration' of type [org.springframework.transaction.annotation.ProxyTransactionManagementConfiguration$$EnhancerBySpringCGLIB$$4c02676a] is not eligible for getting processed by all BeanPostProcessors (for example: not eligible for auto-proxying)
2019-11-23 10:55:40.270  INFO 12292 --- [main] trationDelegate$BeanPostProcessorChecker : Bean 'org.springframework.security.config.annotation.configuration.ObjectPostProcessorConfiguration' of type [org.springframework.security.config.annotation.configuration.ObjectPostProcessorConfiguration$$EnhancerBySpringCGLIB$$e4b02fa4] is not eligible for getting processed by all BeanPostProcessors (for example: not eligible for auto-proxying)
2019-11-23 10:55:40.287  INFO 12292 --- [main] trationDelegate$BeanPostProcessorChecker : Bean 'objectPostProcessor' of type [org.springframework.security.config.annotation.configuration.AutowireBeanFactoryObjectPostProcessor] is not eligible for getting processed by all BeanPostProcessors (for example: not eligible for auto-proxying)
2019-11-23 10:55:40.292  INFO 12292 --- [main] trationDelegate$BeanPostProcessorChecker : Bean 'org.springframework.security.access.expression.method.DefaultMethodSecurityExpressionHandler@48b22fd4' of type [org.springframework.security.access.expression.method.DefaultMethodSecurityExpressionHandler] is not eligible for getting processed by all BeanPostProcessors (for example: not eligible for auto-proxying)
2019-11-23 10:55:40.306  INFO 12292 --- [main] trationDelegate$BeanPostProcessorChecker : Bean 'org.springframework.security.config.annotation.method.configuration.GlobalMethodSecurityConfiguration' of type [org.springframework.security.config.annotation.method.configuration.GlobalMethodSecurityConfiguration$$EnhancerBySpringCGLIB$$984d256] is not eligible for getting processed by all BeanPostProcessors (for example: not eligible for auto-proxying)
2019-11-23 10:55:40.318  INFO 12292 --- [main] trationDelegate$BeanPostProcessorChecker : Bean 'methodSecurityMetadataSource' of type [org.springframework.security.access.method.DelegatingMethodSecurityMetadataSource] is not eligible for getting processed by all BeanPostProcessors (for example: not eligible for auto-proxying)
2019-11-23 10:55:40.693  INFO 12292 --- [main] com.zaxxer.hikari.HikariDataSource       : HikariPool-1 - Starting...
2019-11-23 10:55:41.030  INFO 12292 --- [main] com.zaxxer.hikari.HikariDataSource       : HikariPool-1 - Start completed.
2019-11-23 10:55:41.142  INFO 12292 --- [main] o.hibernate.jpa.internal.util.LogHelper  : HHH000204: Processing PersistenceUnitInfo [
	name: default
	...]
2019-11-23 10:55:41.226  INFO 12292 --- [main] org.hibernate.Version                    : HHH000412: Hibernate Core {5.3.10.Final}
2019-11-23 10:55:41.228  INFO 12292 --- [main] org.hibernate.cfg.Environment            : HHH000206: hibernate.properties not found
2019-11-23 10:55:41.438  INFO 12292 --- [main] o.hibernate.annotations.common.Version   : HCANN000001: Hibernate Commons Annotations {5.0.4.Final}
2019-11-23 10:55:42.082  INFO 12292 --- [main] org.hibernate.dialect.Dialect            : HHH000400: Using dialect: org.hibernate.dialect.H2Dialect
2019-11-23 10:55:43.359  INFO 12292 --- [main] j.LocalContainerEntityManagerFactoryBean : Initialized JPA EntityManagerFactory for persistence unit 'default'
2019-11-23 10:55:45.043  INFO 12292 --- [main] o.s.s.web.DefaultSecurityFilterChain     : Creating filter chain: any request, [org.springframework.security.web.context.request.async.WebAsyncManagerIntegrationFilter@7433ca19, org.springframework.security.web.context.SecurityContextPersistenceFilter@3d3930fe, org.springframework.security.web.header.HeaderWriterFilter@52b30054, org.springframework.security.web.authentication.logout.LogoutFilter@38a96593, com.example.demo.security.JWTAuthenticationFilter@5d221b20, com.example.demo.security.JWTAuthorizationFilter@79d4ff58, org.springframework.security.web.savedrequest.RequestCacheAwareFilter@15f2a43f, org.springframework.security.web.servletapi.SecurityContextHolderAwareRequestFilter@57bdceaa, org.springframework.security.web.authentication.AnonymousAuthenticationFilter@7ec13984, org.springframework.security.web.session.SessionManagementFilter@144ee8a7, org.springframework.security.web.access.ExceptionTranslationFilter@606d6d2c, org.springframework.security.web.access.intercept.FilterSecurityInterceptor@4eb63dc8]
2019-11-23 10:55:46.259  INFO 12292 --- [main] o.s.s.concurrent.ThreadPoolTaskExecutor  : Initializing ExecutorService 'applicationTaskExecutor'
2019-11-23 10:55:46.366  WARN 12292 --- [main] aWebConfiguration$JpaWebMvcConfiguration : spring.jpa.open-in-view is enabled by default. Therefore, database queries may be performed during view rendering. Explicitly configure spring.jpa.open-in-view to disable this warning
2019-11-23 10:55:46.995  INFO 12292 --- [main] o.s.b.t.m.w.SpringBootMockServletContext : Initializing Spring TestDispatcherServlet ''
2019-11-23 10:55:46.996  INFO 12292 --- [main] o.s.t.web.servlet.TestDispatcherServlet  : Initializing Servlet ''
2019-11-23 10:55:47.024  INFO 12292 --- [main] o.s.t.web.servlet.TestDispatcherServlet  : Completed initialization in 27 ms
2019-11-23 10:55:47.066  INFO 12292 --- [main] com.example.demo.UserControllerTest      : Started UserControllerTest in 10.37 seconds (JVM running for 13.069)
2019-11-23 10:55:47.746  INFO 12292 --- [main] c.e.demo.controllers.UserController      : XYZ
2019-11-23 10:55:47.759 ERROR 12292 --- [main] c.e.demo.controllers.UserController      : Password length less than 7.
2019-11-23 10:55:47.775  INFO 12292 --- [Thread-4] o.s.s.concurrent.ThreadPoolTaskExecutor  : Shutting down ExecutorService 'applicationTaskExecutor'
2019-11-23 10:55:47.785  INFO 12292 --- [Thread-4] j.LocalContainerEntityManagerFactoryBean : Closing JPA EntityManagerFactory for persistence unit 'default'
2019-11-23 10:55:47.790  INFO 12292 --- [Thread-4] com.zaxxer.hikari.HikariDataSource       : HikariPool-1 - Shutdown initiated...
2019-11-23 10:55:47.797  INFO 12292 --- [Thread-4] com.zaxxer.hikari.HikariDataSource       : HikariPool-1 - Shutdown completed.
2019-11-23 11:30:09.572  WARN 15664 --- [HikariPool-1 housekeeper] com.zaxxer.hikari.pool.HikariPool        : HikariPool-1 - Thread starvation or clock leap detected (housekeeper delta=3m2s603ms785µs600ns).
2019-11-23 12:24:48.064  WARN 15664 --- [HikariPool-1 housekeeper] com.zaxxer.hikari.pool.HikariPool        : HikariPool-1 - Thread starvation or clock leap detected (housekeeper delta=25m8s437ms862µs500ns).
2019-11-23 12:54:55.037  INFO 17212 --- [main] c.e.demo.ECommerceApplicationTests       : Starting ECommerceApplicationTests on DESKTOP-OA4IAGH with PID 17212 (started by Nafeez Quraishi in C:\Users\Nafeez Quraishi\IdeaProjects\JDND-master\JDND-master\projects\P04-eCommerce Application\starter_code)
2019-11-23 12:54:55.039  INFO 17212 --- [main] c.e.demo.ECommerceApplicationTests       : No active profile set, falling back to default profiles: default
2019-11-23 12:54:56.244  INFO 17212 --- [main] .s.d.r.c.RepositoryConfigurationDelegate : Bootstrapping Spring Data repositories in DEFAULT mode.
2019-11-23 12:54:56.464  INFO 17212 --- [main] .s.d.r.c.RepositoryConfigurationDelegate : Finished Spring Data repository scanning in 170ms. Found 4 repository interfaces.
2019-11-23 12:54:57.712  INFO 17212 --- [main] trationDelegate$BeanPostProcessorChecker : Bean 'org.springframework.transaction.annotation.ProxyTransactionManagementConfiguration' of type [org.springframework.transaction.annotation.ProxyTransactionManagementConfiguration$$EnhancerBySpringCGLIB$$2c931b58] is not eligible for getting processed by all BeanPostProcessors (for example: not eligible for auto-proxying)
2019-11-23 12:54:57.866  INFO 17212 --- [main] trationDelegate$BeanPostProcessorChecker : Bean 'org.springframework.security.config.annotation.configuration.ObjectPostProcessorConfiguration' of type [org.springframework.security.config.annotation.configuration.ObjectPostProcessorConfiguration$$EnhancerBySpringCGLIB$$c540e392] is not eligible for getting processed by all BeanPostProcessors (for example: not eligible for auto-proxying)
2019-11-23 12:54:57.900  INFO 17212 --- [main] trationDelegate$BeanPostProcessorChecker : Bean 'objectPostProcessor' of type [org.springframework.security.config.annotation.configuration.AutowireBeanFactoryObjectPostProcessor] is not eligible for getting processed by all BeanPostProcessors (for example: not eligible for auto-proxying)
2019-11-23 12:54:57.912  INFO 17212 --- [main] trationDelegate$BeanPostProcessorChecker : Bean 'org.springframework.security.access.expression.method.DefaultMethodSecurityExpressionHandler@12010fd1' of type [org.springframework.security.access.expression.method.DefaultMethodSecurityExpressionHandler] is not eligible for getting processed by all BeanPostProcessors (for example: not eligible for auto-proxying)
2019-11-23 12:54:57.946  INFO 17212 --- [main] trationDelegate$BeanPostProcessorChecker : Bean 'org.springframework.security.config.annotation.method.configuration.GlobalMethodSecurityConfiguration' of type [org.springframework.security.config.annotation.method.configuration.GlobalMethodSecurityConfiguration$$EnhancerBySpringCGLIB$$ea158644] is not eligible for getting processed by all BeanPostProcessors (for example: not eligible for auto-proxying)
2019-11-23 12:54:57.977  INFO 17212 --- [main] trationDelegate$BeanPostProcessorChecker : Bean 'methodSecurityMetadataSource' of type [org.springframework.security.access.method.DelegatingMethodSecurityMetadataSource] is not eligible for getting processed by all BeanPostProcessors (for example: not eligible for auto-proxying)
2019-11-23 12:54:58.524  INFO 17212 --- [main] com.zaxxer.hikari.HikariDataSource       : HikariPool-1 - Starting...
2019-11-23 12:54:58.715  INFO 17212 --- [main] com.zaxxer.hikari.HikariDataSource       : HikariPool-1 - Start completed.
2019-11-23 12:54:58.830  INFO 17212 --- [main] o.hibernate.jpa.internal.util.LogHelper  : HHH000204: Processing PersistenceUnitInfo [
	name: default
	...]
2019-11-23 12:54:58.933  INFO 17212 --- [main] org.hibernate.Version                    : HHH000412: Hibernate Core {5.3.10.Final}
2019-11-23 12:54:58.935  INFO 17212 --- [main] org.hibernate.cfg.Environment            : HHH000206: hibernate.properties not found
2019-11-23 12:54:59.195  INFO 17212 --- [main] o.hibernate.annotations.common.Version   : HCANN000001: Hibernate Commons Annotations {5.0.4.Final}
2019-11-23 12:54:59.767  INFO 17212 --- [main] org.hibernate.dialect.Dialect            : HHH000400: Using dialect: org.hibernate.dialect.H2Dialect
2019-11-23 12:55:00.992  INFO 17212 --- [main] j.LocalContainerEntityManagerFactoryBean : Initialized JPA EntityManagerFactory for persistence unit 'default'
2019-11-23 12:55:02.305  INFO 17212 --- [main] o.s.s.web.DefaultSecurityFilterChain     : Creating filter chain: any request, [org.springframework.security.web.context.request.async.WebAsyncManagerIntegrationFilter@401ec794, org.springframework.security.web.context.SecurityContextPersistenceFilter@3ff8a3ad, org.springframework.security.web.header.HeaderWriterFilter@28ce75ec, org.springframework.security.web.authentication.logout.LogoutFilter@79b7c350, com.example.demo.security.JWTAuthenticationFilter@d76099a, com.example.demo.security.JWTAuthorizationFilter@47f0f414, org.springframework.security.web.savedrequest.RequestCacheAwareFilter@54275b5d, org.springframework.security.web.servletapi.SecurityContextHolderAwareRequestFilter@7d1cb59f, org.springframework.security.web.authentication.AnonymousAuthenticationFilter@7e1d8d41, org.springframework.security.web.session.SessionManagementFilter@9dc782d, org.springframework.security.web.access.ExceptionTranslationFilter@29f3185c, org.springframework.security.web.access.intercept.FilterSecurityInterceptor@21abda60]
2019-11-23 12:55:03.696  INFO 17212 --- [main] o.s.s.concurrent.ThreadPoolTaskExecutor  : Initializing ExecutorService 'applicationTaskExecutor'
2019-11-23 12:55:03.854  WARN 17212 --- [main] aWebConfiguration$JpaWebMvcConfiguration : spring.jpa.open-in-view is enabled by default. Therefore, database queries may be performed during view rendering. Explicitly configure spring.jpa.open-in-view to disable this warning
2019-11-23 12:55:04.929  INFO 17212 --- [main] c.e.demo.ECommerceApplicationTests       : Started ECommerceApplicationTests in 10.401 seconds (JVM running for 12.214)
2019-11-23 12:55:05.249  INFO 17212 --- [main] com.example.demo.TestUserController      : Starting TestUserController on DESKTOP-OA4IAGH with PID 17212 (started by Nafeez Quraishi in C:\Users\Nafeez Quraishi\IdeaProjects\JDND-master\JDND-master\projects\P04-eCommerce Application\starter_code)
2019-11-23 12:55:05.252  INFO 17212 --- [main] com.example.demo.TestUserController      : No active profile set, falling back to default profiles: default
2019-11-23 12:55:05.534  INFO 17212 --- [main] .s.d.r.c.RepositoryConfigurationDelegate : Bootstrapping Spring Data repositories in DEFAULT mode.
2019-11-23 12:55:05.561  INFO 17212 --- [main] .s.d.r.c.RepositoryConfigurationDelegate : Finished Spring Data repository scanning in 23ms. Found 4 repository interfaces.
2019-11-23 12:55:05.777  INFO 17212 --- [main] trationDelegate$BeanPostProcessorChecker : Bean 'org.springframework.transaction.annotation.ProxyTransactionManagementConfiguration' of type [org.springframework.transaction.annotation.ProxyTransactionManagementConfiguration$$EnhancerBySpringCGLIB$$2c931b58] is not eligible for getting processed by all BeanPostProcessors (for example: not eligible for auto-proxying)
2019-11-23 12:55:05.828  INFO 17212 --- [main] trationDelegate$BeanPostProcessorChecker : Bean 'org.springframework.security.config.annotation.configuration.ObjectPostProcessorConfiguration' of type [org.springframework.security.config.annotation.configuration.ObjectPostProcessorConfiguration$$EnhancerBySpringCGLIB$$c540e392] is not eligible for getting processed by all BeanPostProcessors (for example: not eligible for auto-proxying)
2019-11-23 12:55:05.837  INFO 17212 --- [main] trationDelegate$BeanPostProcessorChecker : Bean 'objectPostProcessor' of type [org.springframework.security.config.annotation.configuration.AutowireBeanFactoryObjectPostProcessor] is not eligible for getting processed by all BeanPostProcessors (for example: not eligible for auto-proxying)
2019-11-23 12:55:05.839  INFO 17212 --- [main] trationDelegate$BeanPostProcessorChecker : Bean 'org.springframework.security.access.expression.method.DefaultMethodSecurityExpressionHandler@5909285b' of type [org.springframework.security.access.expression.method.DefaultMethodSecurityExpressionHandler] is not eligible for getting processed by all BeanPostProcessors (for example: not eligible for auto-proxying)
2019-11-23 12:55:05.853  INFO 17212 --- [main] trationDelegate$BeanPostProcessorChecker : Bean 'org.springframework.security.config.annotation.method.configuration.GlobalMethodSecurityConfiguration' of type [org.springframework.security.config.annotation.method.configuration.GlobalMethodSecurityConfiguration$$EnhancerBySpringCGLIB$$ea158644] is not eligible for getting processed by all BeanPostProcessors (for example: not eligible for auto-proxying)
2019-11-23 12:55:05.862  INFO 17212 --- [main] trationDelegate$BeanPostProcessorChecker : Bean 'methodSecurityMetadataSource' of type [org.springframework.security.access.method.DelegatingMethodSecurityMetadataSource] is not eligible for getting processed by all BeanPostProcessors (for example: not eligible for auto-proxying)
2019-11-23 12:55:06.034  INFO 17212 --- [main] com.zaxxer.hikari.HikariDataSource       : HikariPool-2 - Starting...
2019-11-23 12:55:06.037  INFO 17212 --- [main] com.zaxxer.hikari.HikariDataSource       : HikariPool-2 - Start completed.
2019-11-23 12:55:06.098  INFO 17212 --- [main] o.hibernate.jpa.internal.util.LogHelper  : HHH000204: Processing PersistenceUnitInfo [
	name: default
	...]
2019-11-23 12:55:06.116  INFO 17212 --- [main] org.hibernate.dialect.Dialect            : HHH000400: Using dialect: org.hibernate.dialect.H2Dialect
2019-11-23 12:55:06.360  INFO 17212 --- [main] j.LocalContainerEntityManagerFactoryBean : Initialized JPA EntityManagerFactory for persistence unit 'default'
2019-11-23 12:55:06.865  INFO 17212 --- [main] o.s.s.web.DefaultSecurityFilterChain     : Creating filter chain: any request, [org.springframework.security.web.context.request.async.WebAsyncManagerIntegrationFilter@434ee422, org.springframework.security.web.context.SecurityContextPersistenceFilter@5f0ca069, org.springframework.security.web.header.HeaderWriterFilter@57ed02e6, org.springframework.security.web.authentication.logout.LogoutFilter@6e66b498, com.example.demo.security.JWTAuthenticationFilter@4de93edd, com.example.demo.security.JWTAuthorizationFilter@53b2e1eb, org.springframework.security.web.savedrequest.RequestCacheAwareFilter@6a6a2fdd, org.springframework.security.web.servletapi.SecurityContextHolderAwareRequestFilter@552ffa44, org.springframework.security.web.authentication.AnonymousAuthenticationFilter@29db008c, org.springframework.security.web.session.SessionManagementFilter@39004e4f, org.springframework.security.web.access.ExceptionTranslationFilter@4fef5792, org.springframework.security.web.access.intercept.FilterSecurityInterceptor@5b1420f9]
2019-11-23 12:55:07.308  INFO 17212 --- [main] o.s.s.concurrent.ThreadPoolTaskExecutor  : Initializing ExecutorService 'applicationTaskExecutor'
2019-11-23 12:55:07.330  WARN 17212 --- [main] aWebConfiguration$JpaWebMvcConfiguration : spring.jpa.open-in-view is enabled by default. Therefore, database queries may be performed during view rendering. Explicitly configure spring.jpa.open-in-view to disable this warning
2019-11-23 12:55:07.894  INFO 17212 --- [main] o.s.b.t.m.w.SpringBootMockServletContext : Initializing Spring TestDispatcherServlet ''
2019-11-23 12:55:07.895  INFO 17212 --- [main] o.s.t.web.servlet.TestDispatcherServlet  : Initializing Servlet ''
2019-11-23 12:55:07.925  INFO 17212 --- [main] o.s.t.web.servlet.TestDispatcherServlet  : Completed initialization in 28 ms
2019-11-23 12:55:07.961  INFO 17212 --- [main] com.example.demo.TestUserController      : Started TestUserController in 2.845 seconds (JVM running for 15.246)
2019-11-23 12:55:08.285  INFO 17212 --- [main] c.e.demo.controllers.UserController      : XYZ
2019-11-23 12:55:08.294 ERROR 17212 --- [main] c.e.demo.controllers.UserController      : Password length less than 7.
2019-11-23 12:55:08.319  INFO 17212 --- [Thread-3] o.s.s.concurrent.ThreadPoolTaskExecutor  : Shutting down ExecutorService 'applicationTaskExecutor'
2019-11-23 12:55:08.320  INFO 17212 --- [Thread-6] o.s.s.concurrent.ThreadPoolTaskExecutor  : Shutting down ExecutorService 'applicationTaskExecutor'
2019-11-23 12:55:08.323  INFO 17212 --- [Thread-3] j.LocalContainerEntityManagerFactoryBean : Closing JPA EntityManagerFactory for persistence unit 'default'
2019-11-23 12:55:08.328  INFO 17212 --- [Thread-6] j.LocalContainerEntityManagerFactoryBean : Closing JPA EntityManagerFactory for persistence unit 'default'
2019-11-23 12:55:08.331  INFO 17212 --- [Thread-3] com.zaxxer.hikari.HikariDataSource       : HikariPool-1 - Shutdown initiated...
2019-11-23 12:55:08.331  INFO 17212 --- [Thread-6] com.zaxxer.hikari.HikariDataSource       : HikariPool-2 - Shutdown initiated...
2019-11-23 12:55:08.340  INFO 17212 --- [Thread-6] com.zaxxer.hikari.HikariDataSource       : HikariPool-2 - Shutdown completed.
2019-11-23 12:55:08.340  INFO 17212 --- [Thread-3] com.zaxxer.hikari.HikariDataSource       : HikariPool-1 - Shutdown completed.
